<?xml version="1.0" encoding="UTF-8"?>
<!-- Generated by org.testng.reporters.JUnitXMLReporter -->
<testsuite ignored="1" hostname="LAPTOP-EEAS1CV9" failures="0" tests="4" name="Regression Test" time="24.677" errors="0" timestamp="2023-05-31T11:11:20 IST">
  <testcase classname="testcases.DWS_SearchTC" name="Search" time="5.565"/>
  <testcase classname="testcases.DWS_Newsletter" name="newsletter" time="7.142"/>
  <testcase classname="testcases.DWS_Community_Poll" name="vote" time="4.179"/>
  <testcase classname="testcases.DWS_Login" name="login" time="7.736"/>
  <testcase classname="testcases.DWS_Community_Poll" name="login" time="0.0">
    <ignored/>
  </testcase> <!-- login -->
</testsuite> <!-- Regression Test -->
